<?xml version="1.0" encoding="UTF-8"?>
<testsuite xmlns:xsi="http://www.w3.org/2001/XMLSchema-instance" xsi:noNamespaceSchemaLocation="https://maven.apache.org/surefire/maven-surefire-plugin/xsd/surefire-test-report-3.0.xsd" version="3.0" name="domain.game.TestCardRules" time="0.36" tests="70" errors="0" skipped="0" failures="0">
  <properties>
[...]
</properties>
  <testcase name="cuandoCartaWildDrawFourSinColor_DeberiaSerInvalida" classname="domain.game.TestCardRules" time="0.01"/>
  <testcase name="cuandoCartaSkipEsJugada_SinCoincidenciaDeColor_DeberiaSerInvalida" classname="domain.game.TestCardRules" time="0.003"/>
  <testcase name="cuandoCartaComodinEsJugada_DeberiaSerValida" classname="domain.game.TestCardRules" time="0.001"/>
  <testcase name="cuandoCartaComodinSinColor_DeberiaSerInvalida" classname="domain.game.TestCardRules" time="0.001"/>
  <testcase name="cuandoCartaReversaEsJugada_ConCoincidenciaDeColor_DeberiaSerValida" classname="domain.game.TestCardRules" time="0"/>
  <testcase name="cuandoCartaAccionEsJugada_DeberiaSerValida(Card, Card)[1]" classname="domain.game.TestCardRules" time="0.038"/>
  <testcase name="cuandoCartaAccionEsJugada_DeberiaSerValida(Card, Card)[2]" classname="domain.game.TestCardRules" time="0.006"/>
  <testcase name="cuandoCartaAccionEsJugada_DeberiaSerValida(Card, Card)[3]" classname="domain.game.TestCardRules" time="0.001"/>
  <testcase name="cuandoCartaAccionEsJugada_DeberiaSerValida(Card, Card)[4]" classname="domain.game.TestCardRules" time="0.001"/>
  <testcase name="cuandoCartaAccionEsJugada_DeberiaSerValida(Card, Card)[5]" classname="domain.game.TestCardRules" time="0.002"/>
  <testcase name="cuandoCartaAccionEsJugada_DeberiaSerValida(Card, Card)[6]" classname="domain.game.TestCardRules" time="0.001"/>
  <testcase name="cuandoCartaAccionEsJugada_DeberiaSerValida(Card, Card)[7]" classname="domain.game.TestCardRules" time="0.001"/>
  <testcase name="cuandoCartaAccionEsJugada_DeberiaSerValida(Card, Card)[8]" classname="domain.game.TestCardRules" time="0.003"/>
  <testcase name="cuandoCartaAccionEsJugada_DeberiaSerValida(Card, Card)[9]" classname="domain.game.TestCardRules" time="0.002"/>
  <testcase name="cuandoCartaAccionEsJugada_DeberiaSerValida(Card, Card)[10]" classname="domain.game.TestCardRules" time="0.001"/>
  <testcase name="cuandoCartaAccionEsJugada_DeberiaSerValida(Card, Card)[11]" classname="domain.game.TestCardRules" time="0.002"/>
  <testcase name="cuandoCartaAccionEsJugada_DeberiaSerValida(Card, Card)[12]" classname="domain.game.TestCardRules" time="0.002"/>
  <testcase name="cuandoCartaAccionEsJugada_DeberiaSerValida(Card, Card)[13]" classname="domain.game.TestCardRules" time="0.001"/>
  <testcase name="cuandoCartaAccionEsJugada_DeberiaSerValida(Card, Card)[14]" classname="domain.game.TestCardRules" time="0.002"/>
  <testcase name="cuandoCartaAccionEsJugada_DeberiaSerValida(Card, Card)[15]" classname="domain.game.TestCardRules" time="0.001"/>
  <testcase name="cuandoCartaAccionEsJugada_DeberiaSerValida(Card, Card)[16]" classname="domain.game.TestCardRules" time="0.001"/>
  <testcase name="cuandoCartaAccionEsJugada_DeberiaSerValida(Card, Card)[17]" classname="domain.game.TestCardRules" time="0.001"/>
  <testcase name="cuandoCartaAccionEsJugada_DeberiaSerValida(Card, Card)[18]" classname="domain.game.TestCardRules" time="0.001"/>
  <testcase name="cuandoCartaAccionEsJugada_DeberiaSerValida(Card, Card)[19]" classname="domain.game.TestCardRules" time="0.001"/>
  <testcase name="cuandoCartaAccionEsJugada_DeberiaSerValida(Card, Card)[20]" classname="domain.game.TestCardRules" time="0.002"/>
  <testcase name="cuandoCartaAccionEsJugada_DeberiaSerValida(Card, Card)[21]" classname="domain.game.TestCardRules" time="0.002"/>
  <testcase name="cuandoCartaNumericaNoCoincidenteEsJugada_DeberiaSerInvalida(Card)[1]" classname="domain.game.TestCardRules" time="0.001"/>
  <testcase name="cuandoCartaNumericaNoCoincidenteEsJugada_DeberiaSerInvalida(Card)[2]" classname="domain.game.TestCardRules" time="0"/>
  <testcase name="cuandoCartaNumericaNoCoincidenteEsJugada_DeberiaSerInvalida(Card)[3]" classname="domain.game.TestCardRules" time="0"/>
  <testcase name="cuandoCartaNumericaNoCoincidenteEsJugada_DeberiaSerInvalida(Card)[4]" classname="domain.game.TestCardRules" time="0.002"/>
  <testcase name="cuandoCartaNumericaNoCoincidenteEsJugada_DeberiaSerInvalida(Card)[5]" classname="domain.game.TestCardRules" time="0.001"/>
  <testcase name="cuandoCartaNumericaNoCoincidenteEsJugada_DeberiaSerInvalida(Card)[6]" classname="domain.game.TestCardRules" time="0.002"/>
  <testcase name="cuandoCartaNumericaNoCoincidenteEsJugada_DeberiaSerInvalida(Card)[7]" classname="domain.game.TestCardRules" time="0.001"/>
  <testcase name="cuandoCartaNumericaNoCoincidenteEsJugada_DeberiaSerInvalida(Card)[8]" classname="domain.game.TestCardRules" time="0"/>
  <testcase name="cuandoCartaNumericaNoCoincidenteEsJugada_DeberiaSerInvalida(Card)[9]" classname="domain.game.TestCardRules" time="0"/>
  <testcase name="cuandoCartaNumericaNoCoincidenteEsJugada_DeberiaSerInvalida(Card)[10]" classname="domain.game.TestCardRules" time="0.001"/>
  <testcase name="cuandoCartaComodinConColorElegido_DeberiaSerValida" classname="domain.game.TestCardRules" time="0.001"/>
  <testcase name="cuandoCartaDrawTwoEsJugada_SinCoincidencia_DeberiaSerInvalida" classname="domain.game.TestCardRules" time="0.002"/>
  <testcase name="cuandoCartaDrawTwoEsJugada_ConCoincidenciaDeColor_DeberiaSerValida" classname="domain.game.TestCardRules" time="0.002"/>
  <testcase name="cuandoCartaNumericaEsJugada_DeberiaSerValida(Card)[1]" classname="domain.game.TestCardRules" time="0.003"/>
  <testcase name="cuandoCartaNumericaEsJugada_DeberiaSerValida(Card)[2]" classname="domain.game.TestCardRules" time="0.003"/>
  <testcase name="cuandoCartaNumericaEsJugada_DeberiaSerValida(Card)[3]" classname="domain.game.TestCardRules" time="0.004"/>
  <testcase name="cuandoCartaNumericaEsJugada_DeberiaSerValida(Card)[4]" classname="domain.game.TestCardRules" time="0.001"/>
  <testcase name="cuandoCartaNumericaEsJugada_DeberiaSerValida(Card)[5]" classname="domain.game.TestCardRules" time="0.002"/>
  <testcase name="cuandoCartaNumericaEsJugada_DeberiaSerValida(Card)[6]" classname="domain.game.TestCardRules" time="0.002"/>
  <testcase name="cuandoCartaNumericaEsJugada_DeberiaSerValida(Card)[7]" classname="domain.game.TestCardRules" time="0.001"/>
  <testcase name="cuandoCartaNumericaEsJugada_DeberiaSerValida(Card)[8]" classname="domain.game.TestCardRules" time="0.001"/>
  <testcase name="cuandoCartaNumericaEsJugadaConComodinSuperior_DeberiaSerInvalida" classname="domain.game.TestCardRules" time="0"/>
  <testcase name="cuandoCartaAccionNoCoincidenteEsJugada_DeberiaSerInvalida(Card, Card)[1]" classname="domain.game.TestCardRules" time="0.004"/>
  <testcase name="cuandoCartaAccionNoCoincidenteEsJugada_DeberiaSerInvalida(Card, Card)[2]" classname="domain.game.TestCardRules" time="0.001"/>
  <testcase name="cuandoCartaAccionNoCoincidenteEsJugada_DeberiaSerInvalida(Card, Card)[3]" classname="domain.game.TestCardRules" time="0.001"/>
  <testcase name="cuandoCartaAccionNoCoincidenteEsJugada_DeberiaSerInvalida(Card, Card)[4]" classname="domain.game.TestCardRules" time="0"/>
  <testcase name="cuandoCartaAccionNoCoincidenteEsJugada_DeberiaSerInvalida(Card, Card)[5]" classname="domain.game.TestCardRules" time="0"/>
  <testcase name="cuandoCartaAccionNoCoincidenteEsJugada_DeberiaSerInvalida(Card, Card)[6]" classname="domain.game.TestCardRules" time="0.001"/>
  <testcase name="cuandoCartaAccionNoCoincidenteEsJugada_DeberiaSerInvalida(Card, Card)[7]" classname="domain.game.TestCardRules" time="0"/>
  <testcase name="cuandoCartaAccionNoCoincidenteEsJugada_DeberiaSerInvalida(Card, Card)[8]" classname="domain.game.TestCardRules" time="0"/>
  <testcase name="cuandoCartaAccionNoCoincidenteEsJugada_DeberiaSerInvalida(Card, Card)[9]" classname="domain.game.TestCardRules" time="0"/>
  <testcase name="cuandoCartaAccionNoCoincidenteEsJugada_DeberiaSerInvalida(Card, Card)[10]" classname="domain.game.TestCardRules" time="0"/>
  <testcase name="cuandoCartaAccionNoCoincidenteEsJugada_DeberiaSerInvalida(Card, Card)[11]" classname="domain.game.TestCardRules" time="0.001"/>
  <testcase name="cuandoCartaAccionNoCoincidenteEsJugada_DeberiaSerInvalida(Card, Card)[12]" classname="domain.game.TestCardRules" time="0.001"/>
  <testcase name="cuandoCartaAccionNoCoincidenteEsJugada_DeberiaSerInvalida(Card, Card)[13]" classname="domain.game.TestCardRules" time="0"/>
  <testcase name="cuandoCartaAccionNoCoincidenteEsJugada_DeberiaSerInvalida(Card, Card)[14]" classname="domain.game.TestCardRules" time="0.002"/>
  <testcase name="cuandoCartaAccionNoCoincidenteEsJugada_DeberiaSerInvalida(Card, Card)[15]" classname="domain.game.TestCardRules" time="0"/>
  <testcase name="cuandoCartaAccionNoCoincidenteEsJugada_DeberiaSerInvalida(Card, Card)[16]" classname="domain.game.TestCardRules" time="0.002"/>
  <testcase name="cuandoCartaAccionNoCoincidenteEsJugada_DeberiaSerInvalida(Card, Card)[17]" classname="domain.game.TestCardRules" time="0.002"/>
  <testcase name="cuandoCartaAccionNoCoincidenteEsJugada_DeberiaSerInvalida(Card, Card)[18]" classname="domain.game.TestCardRules" time="0.001"/>
  <testcase name="cuandoCartaAccionNoCoincidenteEsJugada_DeberiaSerInvalida(Card, Card)[19]" classname="domain.game.TestCardRules" time="0.001"/>
  <testcase name="cuandoCartaAccionNoCoincidenteEsJugada_DeberiaSerInvalida(Card, Card)[20]" classname="domain.game.TestCardRules" time="0.001"/>
  <testcase name="cuandoCartaAccionNoCoincidenteEsJugada_DeberiaSerInvalida(Card, Card)[21]" classname="domain.game.TestCardRules" time="0"/>
  <testcase name="cuandoCartaWildDrawFourEsJugada_DeberiaSerValida" classname="domain.game.TestCardRules" time="0"/>
</testsuite>