<?xml version="1.0" encoding="UTF-8"?>
<testsuite xmlns:xsi="http://www.w3.org/2001/XMLSchema-instance" xsi:noNamespaceSchemaLocation="https://maven.apache.org/surefire/maven-surefire-plugin/xsd/surefire-test-report-3.0.xsd" version="3.0" name="application.TestIGameAppServiceContract" time="4.801" tests="8" errors="0" skipped="0" failures="0">
  <properties>
[...]
</properties>
  <testcase name="testPlayCard" classname="application.TestIGameAppServiceContract" time="4.051">
    <system-out><![CDATA[19:37:51.908 [main] INFO  GameAppService - Juego creado exitosamente
19:37:51.924 [main] DEBUG GameAppService - Jugador Jugador 1 con 7 cartas => [ActionCard{REVERSE, BLUE},WildCard{WILD_COLOR, null},NumberCard{2, YELLOW},NumberCard{2, RED},ActionCard{REVERSE, GREEN},NumberCard{9, BLUE},NumberCard{6, YELLOW}]
19:37:51.924 [main] DEBUG GameAppService - Jugador Jugador 2 con 7 cartas => [NumberCard{2, YELLOW},ActionCard{DRAW_TWO, BLUE},WildCard{WILD_COLOR, null},NumberCard{8, GREEN},NumberCard{6, GREEN},NumberCard{5, GREEN},NumberCard{4, GREEN}]
]]></system-out>
  </testcase>
  <testcase name="testGetPlayerInfos" classname="application.TestIGameAppServiceContract" time="0.229">
    <system-out><![CDATA[19:37:52.175 [main] INFO  GameAppService - Juego creado exitosamente
19:37:52.176 [main] DEBUG GameAppService - Jugador Jugador 1 con 7 cartas => [ActionCard{SKIP, YELLOW},NumberCard{1, RED},NumberCard{9, BLUE},NumberCard{5, RED},NumberCard{8, GREEN},NumberCard{7, YELLOW},NumberCard{7, BLUE}]
19:37:52.176 [main] DEBUG GameAppService - Jugador Jugador 2 con 7 cartas => [NumberCard{7, BLUE},NumberCard{3, GREEN},WildCard{WILD_COLOR, null},ActionCard{SKIP, BLUE},NumberCard{3, YELLOW},NumberCard{9, BLUE},NumberCard{6, RED}]
]]></system-out>
  </testcase>
  <testcase name="testDrawCard" classname="application.TestIGameAppServiceContract" time="0.105">
    <system-out><![CDATA[19:37:52.276 [main] INFO  GameAppService - Juego creado exitosamente
19:37:52.276 [main] DEBUG GameAppService - Jugador Jugador 1 con 7 cartas => [NumberCard{6, YELLOW},NumberCard{2, RED},NumberCard{6, GREEN},ActionCard{SKIP, YELLOW},NumberCard{3, BLUE},NumberCard{7, BLUE},NumberCard{0, GREEN}]
19:37:52.277 [main] DEBUG GameAppService - Jugador Jugador 2 con 7 cartas => [NumberCard{8, RED},NumberCard{5, RED},NumberCard{9, YELLOW},NumberCard{3, RED},NumberCard{9, BLUE},ActionCard{REVERSE, YELLOW},ActionCard{REVERSE, RED}]
19:37:52.294 [main] INFO  GameAppService - El jugador dfbd45a0-5ef5-4336-b43c-cb845b9e3ea8 roba una carta
]]></system-out>
  </testcase>
  <testcase name="testGetCurrentPlayer" classname="application.TestIGameAppServiceContract" time="0.065">
    <system-out><![CDATA[19:37:52.358 [main] INFO  GameAppService - Juego creado exitosamente
19:37:52.360 [main] DEBUG GameAppService - Jugador Jugador 1 con 7 cartas => [NumberCard{8, YELLOW},NumberCard{3, RED},NumberCard{3, GREEN},NumberCard{5, BLUE},NumberCard{1, GREEN},NumberCard{7, BLUE},NumberCard{1, YELLOW}]
19:37:52.361 [main] DEBUG GameAppService - Jugador Jugador 2 con 7 cartas => [NumberCard{5, GREEN},NumberCard{2, BLUE},NumberCard{7, BLUE},NumberCard{2, BLUE},ActionCard{REVERSE, GREEN},NumberCard{6, RED},NumberCard{8, BLUE}]
]]></system-out>
  </testcase>
  <testcase name="testIsGameOver" classname="application.TestIGameAppServiceContract" time="0.046">
    <system-out><![CDATA[19:37:52.407 [main] INFO  GameAppService - Juego creado exitosamente
19:37:52.407 [main] DEBUG GameAppService - Jugador Jugador 1 con 7 cartas => [NumberCard{5, GREEN},NumberCard{7, YELLOW},ActionCard{REVERSE, GREEN},ActionCard{SKIP, YELLOW},NumberCard{1, BLUE},NumberCard{6, GREEN},NumberCard{7, RED}]
19:37:52.408 [main] DEBUG GameAppService - Jugador Jugador 2 con 7 cartas => [NumberCard{2, YELLOW},NumberCard{5, RED},WildCard{WILD_COLOR, null},WildCard{WILD_COLOR, null},NumberCard{7, YELLOW},NumberCard{3, YELLOW},NumberCard{6, YELLOW}]
]]></system-out>
  </testcase>
  <testcase name="testGetHandCards" classname="application.TestIGameAppServiceContract" time="0.068">
    <system-out><![CDATA[19:37:52.476 [main] INFO  GameAppService - Juego creado exitosamente
19:37:52.477 [main] DEBUG GameAppService - Jugador Jugador 1 con 7 cartas => [NumberCard{8, BLUE},NumberCard{9, BLUE},NumberCard{2, BLUE},NumberCard{2, GREEN},NumberCard{0, YELLOW},NumberCard{0, BLUE},NumberCard{7, GREEN}]
19:37:52.478 [main] DEBUG GameAppService - Jugador Jugador 2 con 7 cartas => [ActionCard{REVERSE, RED},ActionCard{SKIP, RED},NumberCard{2, RED},ActionCard{REVERSE, GREEN},NumberCard{4, GREEN},NumberCard{2, YELLOW},ActionCard{REVERSE, YELLOW}]
]]></system-out>
  </testcase>
  <testcase name="testGetWinner" classname="application.TestIGameAppServiceContract" time="0.046">
    <system-out><![CDATA[19:37:52.526 [main] INFO  GameAppService - Juego creado exitosamente
19:37:52.527 [main] DEBUG GameAppService - Jugador Jugador 1 con 7 cartas => [NumberCard{9, GREEN},NumberCard{3, GREEN},NumberCard{9, BLUE},NumberCard{5, RED},ActionCard{DRAW_TWO, RED},ActionCard{SKIP, RED},ActionCard{SKIP, YELLOW}]
19:37:52.527 [main] DEBUG GameAppService - Jugador Jugador 2 con 7 cartas => [NumberCard{8, YELLOW},NumberCard{2, GREEN},ActionCard{SKIP, BLUE},NumberCard{4, GREEN},NumberCard{5, BLUE},ActionCard{REVERSE, GREEN},NumberCard{6, BLUE}]
]]></system-out>
  </testcase>
  <testcase name="testPeekTopCard" classname="application.TestIGameAppServiceContract" time="0.072">
    <system-out><![CDATA[19:37:52.593 [main] INFO  GameAppService - Juego creado exitosamente
19:37:52.594 [main] DEBUG GameAppService - Jugador Jugador 1 con 7 cartas => [ActionCard{REVERSE, RED},ActionCard{SKIP, GREEN},NumberCard{6, BLUE},NumberCard{8, YELLOW},ActionCard{DRAW_TWO, RED},NumberCard{2, GREEN},NumberCard{5, YELLOW}]
19:37:52.596 [main] DEBUG GameAppService - Jugador Jugador 2 con 7 cartas => [NumberCard{2, BLUE},NumberCard{0, BLUE},ActionCard{REVERSE, GREEN},WildCard{WILD_DRAW_FOUR, null},NumberCard{3, YELLOW},NumberCard{7, RED},NumberCard{5, GREEN}]
]]></system-out>
  </testcase>
</testsuite>