<?xml version="1.0" encoding="UTF-8"?>
<testsuite xmlns:xsi="http://www.w3.org/2001/XMLSchema-instance" xsi:noNamespaceSchemaLocation="https://maven.apache.org/surefire/maven-surefire-plugin/xsd/surefire-test-report-3.0.xsd" version="3.0" name="application.TestIGameAppServiceContract" time="3.061" tests="8" errors="0" skipped="0" failures="0">
  <properties>
[...]
</properties>
  <testcase name="testPlayCard" classname="application.TestIGameAppServiceContract" time="2.594">
    <system-out><![CDATA[20:28:40.887 [main] INFO  GameAppService - Juego creado exitosamente
20:28:40.903 [main] DEBUG GameAppService - Jugador Jugador 1 con 7 cartas => [NumberCard{7, RED},NumberCard{8, YELLOW},NumberCard{7, YELLOW},NumberCard{2, BLUE},NumberCard{6, BLUE},NumberCard{5, BLUE},ActionCard{SKIP, RED}]
20:28:40.904 [main] DEBUG GameAppService - Jugador Jugador 2 con 7 cartas => [NumberCard{2, GREEN},ActionCard{SKIP, RED},NumberCard{8, GREEN},ActionCard{DRAW_TWO, BLUE},NumberCard{1, GREEN},NumberCard{5, BLUE},NumberCard{3, BLUE}]
]]></system-out>
  </testcase>
  <testcase name="testGetPlayerInfos" classname="application.TestIGameAppServiceContract" time="0.03">
    <system-out><![CDATA[20:28:40.969 [main] INFO  GameAppService - Juego creado exitosamente
20:28:40.970 [main] DEBUG GameAppService - Jugador Jugador 1 con 7 cartas => [NumberCard{7, BLUE},NumberCard{9, YELLOW},ActionCard{DRAW_TWO, RED},NumberCard{2, RED},NumberCard{9, GREEN},ActionCard{REVERSE, BLUE},WildCard{WILD_COLOR, null}]
20:28:40.970 [main] DEBUG GameAppService - Jugador Jugador 2 con 7 cartas => [NumberCard{5, YELLOW},NumberCard{3, GREEN},NumberCard{6, BLUE},NumberCard{9, GREEN},ActionCard{DRAW_TWO, RED},NumberCard{5, BLUE},NumberCard{6, RED}]
]]></system-out>
  </testcase>
  <testcase name="testDrawCard" classname="application.TestIGameAppServiceContract" time="0.107">
    <system-out><![CDATA[20:28:41.019 [main] INFO  GameAppService - Juego creado exitosamente
20:28:41.019 [main] DEBUG GameAppService - Jugador Jugador 1 con 7 cartas => [NumberCard{8, BLUE},NumberCard{4, RED},NumberCard{1, YELLOW},ActionCard{SKIP, RED},NumberCard{0, YELLOW},ActionCard{DRAW_TWO, YELLOW},NumberCard{5, YELLOW}]
20:28:41.019 [main] DEBUG GameAppService - Jugador Jugador 2 con 7 cartas => [NumberCard{5, GREEN},NumberCard{5, GREEN},NumberCard{3, BLUE},ActionCard{SKIP, YELLOW},ActionCard{DRAW_TWO, RED},ActionCard{REVERSE, GREEN},NumberCard{6, YELLOW}]
20:28:41.032 [main] INFO  GameAppService - El jugador 2d724114-1f5a-42d3-ab78-ea7e525014e8 roba una carta
]]></system-out>
    <system-err><![CDATA[dic 18, 2024 8:28:41 P. M. domain.game.Game playCard
INFORMACIÓN: Jugador Jugador 1 ha realizado 1 movimientos.
]]></system-err>
  </testcase>
  <testcase name="testGetCurrentPlayer" classname="application.TestIGameAppServiceContract" time="0.02">
    <system-out><![CDATA[20:28:41.106 [main] INFO  GameAppService - Juego creado exitosamente
20:28:41.107 [main] DEBUG GameAppService - Jugador Jugador 1 con 7 cartas => [NumberCard{4, BLUE},NumberCard{1, RED},NumberCard{9, BLUE},ActionCard{SKIP, RED},ActionCard{DRAW_TWO, GREEN},WildCard{WILD_COLOR, null},NumberCard{9, GREEN}]
20:28:41.107 [main] DEBUG GameAppService - Jugador Jugador 2 con 7 cartas => [NumberCard{8, YELLOW},NumberCard{8, BLUE},NumberCard{0, GREEN},NumberCard{2, RED},NumberCard{4, YELLOW},NumberCard{9, YELLOW},NumberCard{9, GREEN}]
]]></system-out>
  </testcase>
  <testcase name="testIsGameOver" classname="application.TestIGameAppServiceContract" time="0.03">
    <system-out><![CDATA[20:28:41.138 [main] INFO  GameAppService - Juego creado exitosamente
20:28:41.139 [main] DEBUG GameAppService - Jugador Jugador 1 con 9 cartas => [NumberCard{6, BLUE},ActionCard{SKIP, RED},NumberCard{0, GREEN},NumberCard{1, BLUE},NumberCard{7, RED},NumberCard{4, BLUE},NumberCard{3, YELLOW},ActionCard{DRAW_TWO, BLUE},NumberCard{2, BLUE}]
20:28:41.139 [main] DEBUG GameAppService - Jugador Jugador 2 con 7 cartas => [NumberCard{1, BLUE},NumberCard{3, BLUE},NumberCard{4, GREEN},NumberCard{6, GREEN},NumberCard{9, BLUE},NumberCard{5, YELLOW},WildCard{WILD_COLOR, null}]
]]></system-out>
  </testcase>
  <testcase name="testGetHandCards" classname="application.TestIGameAppServiceContract" time="0.042">
    <system-out><![CDATA[20:28:41.184 [main] INFO  GameAppService - Juego creado exitosamente
20:28:41.185 [main] DEBUG GameAppService - Jugador Jugador 1 con 7 cartas => [NumberCard{6, RED},NumberCard{9, BLUE},NumberCard{2, BLUE},NumberCard{6, GREEN},ActionCard{DRAW_TWO, RED},NumberCard{3, BLUE},NumberCard{2, YELLOW}]
20:28:41.185 [main] DEBUG GameAppService - Jugador Jugador 2 con 7 cartas => [NumberCard{8, BLUE},ActionCard{SKIP, BLUE},ActionCard{DRAW_TWO, GREEN},NumberCard{7, YELLOW},ActionCard{REVERSE, RED},WildCard{WILD_COLOR, null},NumberCard{4, GREEN}]
]]></system-out>
  </testcase>
  <testcase name="testGetWinner" classname="application.TestIGameAppServiceContract" time="0.064">
    <system-out><![CDATA[20:28:41.239 [main] INFO  GameAppService - Juego creado exitosamente
20:28:41.239 [main] DEBUG GameAppService - Jugador Jugador 1 con 7 cartas => [NumberCard{1, YELLOW},ActionCard{SKIP, BLUE},NumberCard{6, RED},NumberCard{0, YELLOW},NumberCard{8, YELLOW},NumberCard{6, YELLOW},NumberCard{8, YELLOW}]
20:28:41.240 [main] DEBUG GameAppService - Jugador Jugador 2 con 7 cartas => [NumberCard{7, RED},NumberCard{9, RED},NumberCard{4, BLUE},WildCard{WILD_COLOR, null},NumberCard{4, YELLOW},NumberCard{1, GREEN},NumberCard{2, BLUE}]
]]></system-out>
  </testcase>
  <testcase name="testPeekTopCard" classname="application.TestIGameAppServiceContract" time="0.051">
    <system-out><![CDATA[20:28:41.304 [main] INFO  GameAppService - Juego creado exitosamente
20:28:41.304 [main] DEBUG GameAppService - Jugador Jugador 1 con 9 cartas => [NumberCard{8, GREEN},NumberCard{1, YELLOW},ActionCard{REVERSE, GREEN},NumberCard{2, GREEN},NumberCard{5, BLUE},WildCard{WILD_DRAW_FOUR, null},NumberCard{8, GREEN},NumberCard{6, BLUE},NumberCard{9, BLUE}]
20:28:41.304 [main] DEBUG GameAppService - Jugador Jugador 2 con 7 cartas => [ActionCard{DRAW_TWO, RED},NumberCard{9, GREEN},NumberCard{4, GREEN},NumberCard{7, RED},NumberCard{6, RED},NumberCard{8, BLUE},NumberCard{1, RED}]
]]></system-out>
  </testcase>
</testsuite>